mode: set
shorten-url/internal/service/service.go:37.81,39.61 2 1
shorten-url/internal/service/service.go:39.61,41.3 1 0
shorten-url/internal/service/service.go:43.2,46.3 1 1
shorten-url/internal/service/service.go:49.93,52.16 2 1
shorten-url/internal/service/service.go:52.16,54.3 1 1
shorten-url/internal/service/service.go:56.2,56.68 1 1
shorten-url/internal/service/service.go:56.68,58.3 1 1
shorten-url/internal/service/service.go:60.2,60.29 1 1
shorten-url/internal/service/service.go:63.83,65.48 1 1
shorten-url/internal/service/service.go:65.48,67.3 1 1
shorten-url/internal/service/service.go:69.2,69.66 1 1
shorten-url/internal/service/service.go:69.66,71.3 1 1
shorten-url/internal/service/service.go:73.2,73.12 1 1
shorten-url/internal/service/service.go:76.123,79.16 2 1
shorten-url/internal/service/service.go:79.16,82.3 2 1
shorten-url/internal/service/service.go:84.2,90.8 1 1
shorten-url/internal/service/service.go:93.116,96.16 2 1
shorten-url/internal/service/service.go:96.16,99.3 2 1
shorten-url/internal/service/service.go:101.2,101.17 1 1
shorten-url/internal/service/service.go:105.114,113.16 3 1
shorten-url/internal/service/service.go:113.16,116.3 2 1
shorten-url/internal/service/service.go:118.2,124.8 1 1
shorten-url/internal/service/service.go:127.112,129.42 1 1
shorten-url/internal/service/service.go:129.42,131.3 1 1
shorten-url/internal/service/service.go:139.2,139.51 1 1
shorten-url/internal/service/service.go:139.51,142.3 2 0
shorten-url/internal/service/service.go:144.2,145.16 2 1
shorten-url/internal/service/service.go:145.16,148.3 2 0
shorten-url/internal/service/service.go:150.2,151.16 2 1
shorten-url/internal/service/service.go:151.16,154.3 2 0
shorten-url/internal/service/service.go:156.2,159.59 3 1
shorten-url/internal/service/service.go:159.59,162.3 2 0
shorten-url/internal/service/service.go:164.2,165.16 2 1
shorten-url/internal/service/service.go:165.16,168.3 2 0
shorten-url/internal/service/service.go:171.2,177.16 3 1
shorten-url/internal/service/service.go:177.16,180.3 2 1
shorten-url/internal/service/service.go:182.2,188.8 1 1
shorten-url/internal/service/service.go:191.107,194.16 2 1
shorten-url/internal/service/service.go:194.16,196.3 1 1
shorten-url/internal/service/service.go:198.2,205.8 1 1
